[    88.226] 
X.Org X Server 1.21.1.21
X Protocol Version 11, Revision 0
[    88.226] Current Operating System: Linux Keren 6.19.9-arch1-1 #1 SMP PREEMPT_DYNAMIC Thu, 19 Mar 2026 16:33:17 +0000 x86_64
[    88.226] Kernel command line: initrd=\initramfs-linux.img root=PARTUUID=735b9634-ab6d-4194-983a-c802f21a9d69 rw rootfstype=ext4
[    88.226]  
[    88.226] Current version of pixman: 0.46.4
[    88.226] 	Before reporting problems, check http://wiki.x.org
	to make sure that you have the latest version.
[    88.226] Markers: (--) probed, (**) from config file, (==) default setting,
	(++) from command line, (!!) notice, (II) informational,
	(WW) warning, (EE) error, (NI) not implemented, (??) unknown.
[    88.226] (==) Log file: "/home/pacosmosis/.local/share/xorg/Xorg.0.log", Time: Fri Mar 27 11:22:23 2026
[    88.229] (==) Using config directory: "/etc/X11/xorg.conf.d"
[    88.229] (==) Using system config directory "/usr/share/X11/xorg.conf.d"
[    88.230] (==) No Layout section.  Using the first Screen section.
[    88.230] (==) No screen section available. Using defaults.
[    88.230] (**) |-->Screen "Default Screen Section" (0)
[    88.230] (**) |   |-->Monitor "<default monitor>"
[    88.231] (==) No monitor specified for screen "Default Screen Section".
	Using a default monitor configuration.
[    88.231] (**) Allowing byte-swapped clients
[    88.231] (==) Automatically adding devices
[    88.231] (==) Automatically enabling devices
[    88.231] (==) Automatically adding GPU devices
[    88.231] (==) Automatically binding GPU devices
[    88.231] (==) Max clients allowed: 256, resource mask: 0x1fffff
[    88.232] (WW) `fonts.dir' not found (or not valid) in "/usr/share/fonts/misc".
[    88.232] 	Entry deleted from font path.
[    88.232] 	(Run 'mkfontdir' on "/usr/share/fonts/misc").
[    88.233] (WW) `fonts.dir' not found (or not valid) in "/usr/share/fonts/TTF".
[    88.233] 	Entry deleted from font path.
[    88.233] 	(Run 'mkfontdir' on "/usr/share/fonts/TTF").
[    88.233] (WW) The directory "/usr/share/fonts/OTF" does not exist.
[    88.233] 	Entry deleted from font path.
[    88.233] (WW) The directory "/usr/share/fonts/Type1" does not exist.
[    88.233] 	Entry deleted from font path.
[    88.233] (WW) The directory "/usr/share/fonts/100dpi" does not exist.
[    88.233] 	Entry deleted from font path.
[    88.233] (WW) The directory "/usr/share/fonts/75dpi" does not exist.
[    88.233] 	Entry deleted from font path.
[    88.233] (==) FontPath set to:
	
[    88.233] (==) ModulePath set to "/usr/lib/xorg/modules"
[    88.233] (II) The server relies on udev to provide the list of input devices.
	If no devices become available, reconfigure udev or disable AutoAddDevices.
[    88.233] (II) Module ABI versions:
[    88.233] 	X.Org ANSI C Emulation: 0.4
[    88.233] 	X.Org Video Driver: 25.2
[    88.233] 	X.Org XInput driver : 24.4
[    88.233] 	X.Org Server Extension : 10.0
[    88.233] (++) using VT number 1

[    88.235] (II) systemd-logind: took control of session /org/freedesktop/login1/session/_31
[    88.240] (II) xfree86: Adding drm device (/dev/dri/card1)
[    88.240] (II) Platform probe for /sys/devices/pci0000:00/0000:00:02.0/drm/card1
[    88.263] (II) systemd-logind: got fd for /dev/dri/card1 226:1 fd 13 paused 0
[    88.268] (--) PCI:*(0@0:2:0) 8086:5917:17aa:2258 rev 7, Mem @ 0xe7000000/16777216, 0xc0000000/268435456, I/O @ 0x0000e000/64, BIOS @ 0x????????/131072
[    88.268] (II) LoadModule: "glx"
[    88.269] (II) Loading /usr/lib/xorg/modules/extensions/libglx.so
[    88.277] (II) Module glx: vendor="X.Org Foundation"
[    88.277] 	compiled for 1.21.1.21, module version = 1.0.0
[    88.277] 	ABI class: X.Org Server Extension, version 10.0
[    88.277] (==) Matched intel as autoconfigured driver 0
[    88.277] (==) Matched modesetting as autoconfigured driver 1
[    88.277] (==) Matched fbdev as autoconfigured driver 2
[    88.277] (==) Matched vesa as autoconfigured driver 3
[    88.277] (==) Assigned the driver to the xf86ConfigLayout
[    88.277] (II) LoadModule: "intel"
[    88.278] (WW) Warning, couldn't open module intel
[    88.278] (EE) Failed to load module "intel" (module does not exist, 0)
[    88.278] (II) LoadModule: "modesetting"
[    88.278] (II) Loading /usr/lib/xorg/modules/drivers/modesetting_drv.so
[    88.280] (II) Module modesetting: vendor="X.Org Foundation"
[    88.280] 	compiled for 1.21.1.21, module version = 1.21.1
[    88.280] 	Module class: X.Org Video Driver
[    88.280] 	ABI class: X.Org Video Driver, version 25.2
[    88.280] (II) LoadModule: "fbdev"
[    88.280] (WW) Warning, couldn't open module fbdev
[    88.280] (EE) Failed to load module "fbdev" (module does not exist, 0)
[    88.280] (II) LoadModule: "vesa"
[    88.281] (WW) Warning, couldn't open module vesa
[    88.281] (EE) Failed to load module "vesa" (module does not exist, 0)
[    88.281] (II) modesetting: Driver for Modesetting Kernel Drivers: kms
[    88.281] (II) modeset(0): using drv /dev/dri/card1
[    88.281] (WW) VGA arbiter: cannot open kernel arbiter, no multi-card support
[    88.281] (II) modeset(0): Creating default Display subsection in Screen section
	"Default Screen Section" for depth/fbbpp 24/32
[    88.281] (==) modeset(0): Depth 24, (==) framebuffer bpp 32
[    88.281] (==) modeset(0): RGB weight 888
[    88.281] (==) modeset(0): Default visual is TrueColor
[    88.281] (II) Loading sub module "glamoregl"
[    88.281] (II) LoadModule: "glamoregl"
[    88.281] (II) Loading /usr/lib/xorg/modules/libglamoregl.so
[    88.291] (II) Module glamoregl: vendor="X.Org Foundation"
[    88.291] 	compiled for 1.21.1.21, module version = 1.0.1
[    88.291] 	ABI class: X.Org ANSI C Emulation, version 0.4
[    88.532] (II) modeset(0): glamor: Using OpenGL 4.6 context.
[    88.533] (II) modeset(0): glamor X acceleration enabled on Mesa Intel(R) UHD Graphics 620 (KBL GT2)
[    88.533] (II) modeset(0): glamor initialized
[    88.533] (==) modeset(0): VariableRefresh: disabled
[    88.533] (==) modeset(0): AsyncFlipSecondaries: disabled
[    88.534] (II) modeset(0): Output eDP-1 has no monitor section
[    88.538] (II) modeset(0): Output DP-1 has no monitor section
[    88.613] (II) modeset(0): Output HDMI-1 has no monitor section
[    88.617] (II) modeset(0): Output DP-2 has no monitor section
[    88.621] (II) modeset(0): Output HDMI-2 has no monitor section
[    88.622] (II) modeset(0): EDID for output eDP-1
[    88.622] (II) modeset(0): Manufacturer: AUO  Model: 103d  Serial#: 0
[    88.622] (II) modeset(0): Year: 2016  Week: 0
[    88.622] (II) modeset(0): EDID Version: 1.4
[    88.622] (II) modeset(0): Digital Display Input
[    88.622] (II) modeset(0): 6 bits per channel
[    88.622] (II) modeset(0): Digital interface is DisplayPort
[    88.622] (II) modeset(0): Max Image Size [cm]: horiz.: 31  vert.: 17
[    88.622] (II) modeset(0): Gamma: 2.20
[    88.622] (II) modeset(0): No DPMS capabilities specified
[    88.622] (II) modeset(0): Supported color encodings: RGB 4:4:4 
[    88.622] (II) modeset(0): First detailed timing is preferred mode
[    88.622] (II) modeset(0): Preferred mode is native pixel format and refresh rate
[    88.622] (II) modeset(0): redX: 0.573 redY: 0.340   greenX: 0.352 greenY: 0.581
[    88.622] (II) modeset(0): blueX: 0.164 blueY: 0.135   whiteX: 0.313 whiteY: 0.329
[    88.622] (II) modeset(0): Manufacturer's mask: 0
[    88.622] (II) modeset(0): Supported detailed timing:
[    88.622] (II) modeset(0): clock: 141.0 MHz   Image Size:  309 x 173 mm
[    88.622] (II) modeset(0): h_active: 1920  h_sync: 1968  h_sync_end 2068 h_blank_end 2098 h_border: 0
[    88.622] (II) modeset(0): v_active: 1080  v_sync: 1083  v_sync_end 1084 v_blanking: 1120 v_border: 0
[    88.622] (II) modeset(0): Unknown vendor-specific block f
[    88.622] (II) modeset(0):  AUO
[    88.622] (II) modeset(0):  B140HAK01.0
[    88.622] (II) modeset(0): EDID (in hex):
[    88.622] (II) modeset(0): 	00ffffffffffff0006af3d1000000000
[    88.622] (II) modeset(0): 	001a0104951f117802c32592575a942a
[    88.622] (II) modeset(0): 	22505400000001010101010101010101
[    88.622] (II) modeset(0): 	010101010101143780b2703828403064
[    88.622] (II) modeset(0): 	310035ad100000180000000f00000000
[    88.622] (II) modeset(0): 	00000000000000000020000000fe0041
[    88.622] (II) modeset(0): 	554f0a202020202020202020000000fe
[    88.622] (II) modeset(0): 	004231343048414b30312e30200a00bd
[    88.623] (II) modeset(0): Printing probed modes for output eDP-1
[    88.623] (II) modeset(0): Modeline "1920x1080"x60.0  141.00  1920 1968 2068 2098  1080 1083 1084 1120 -hsync -vsync (67.2 kHz eP)
[    88.623] (II) modeset(0): Modeline "1920x1080"x119.9  266.50  1920 1944 1960 2000  1080 1081 1084 1111 doublescan +hsync -vsync (133.2 kHz d)
[    88.623] (II) modeset(0): Modeline "1920x1080"x60.0  173.00  1920 2048 2248 2576  1080 1083 1088 1120 -hsync +vsync (67.2 kHz d)
[    88.623] (II) modeset(0): Modeline "1920x1080"x59.9  138.50  1920 1968 2000 2080  1080 1083 1088 1111 +hsync -vsync (66.6 kHz d)
[    88.623] (II) modeset(0): Modeline "1680x1050"x60.0  146.25  1680 1784 1960 2240  1050 1053 1059 1089 -hsync +vsync (65.3 kHz d)
[    88.623] (II) modeset(0): Modeline "1680x1050"x59.9  119.00  1680 1728 1760 1840  1050 1053 1059 1080 +hsync -vsync (64.7 kHz d)
[    88.623] (II) modeset(0): Modeline "1400x1050"x60.0  122.00  1400 1488 1640 1880  1050 1052 1064 1082 +hsync +vsync (64.9 kHz d)
[    88.623] (II) modeset(0): Modeline "1600x900"x120.0  246.00  1600 1728 1900 2200  900 901 904 932 doublescan -hsync +vsync (111.8 kHz d)
[    88.623] (II) modeset(0): Modeline "1600x900"x119.9  186.50  1600 1624 1640 1680  900 901 904 926 doublescan +hsync -vsync (111.0 kHz d)
[    88.623] (II) modeset(0): Modeline "1600x900"x59.9  118.25  1600 1696 1856 2112  900 903 908 934 -hsync +vsync (56.0 kHz d)
[    88.623] (II) modeset(0): Modeline "1600x900"x59.8   97.50  1600 1648 1680 1760  900 903 908 926 +hsync -vsync (55.4 kHz d)
[    88.623] (II) modeset(0): Modeline "1280x1024"x60.0  108.00  1280 1328 1440 1688  1024 1025 1028 1066 +hsync +vsync (64.0 kHz d)
[    88.623] (II) modeset(0): Modeline "1400x900"x60.0  103.50  1400 1480 1624 1848  900 903 913 934 -hsync +vsync (56.0 kHz d)
[    88.623] (II) modeset(0): Modeline "1400x900"x59.9   86.50  1400 1448 1480 1560  900 903 913 926 +hsync -vsync (55.4 kHz d)
[    88.623] (II) modeset(0): Modeline "1280x960"x60.0  108.00  1280 1376 1488 1800  960 961 964 1000 +hsync +vsync (60.0 kHz d)
[    88.623] (II) modeset(0): Modeline "1440x810"x120.0  198.12  1440 1548 1704 1968  810 811 814 839 doublescan -hsync +vsync (100.7 kHz d)
[    88.623] (II) modeset(0): Modeline "1440x810"x119.9  151.88  1440 1464 1480 1520  810 811 814 833 doublescan +hsync -vsync (99.9 kHz d)
[    88.623] (II) modeset(0): Modeline "1368x768"x59.9   85.25  1368 1440 1576 1784  768 771 781 798 -hsync +vsync (47.8 kHz d)
[    88.623] (II) modeset(0): Modeline "1368x768"x59.9   72.25  1368 1416 1448 1528  768 771 781 790 +hsync -vsync (47.3 kHz d)
[    88.623] (II) modeset(0): Modeline "1280x800"x120.0  174.25  1280 1380 1516 1752  800 801 804 829 doublescan -hsync +vsync (99.5 kHz d)
[    88.623] (II) modeset(0): Modeline "1280x800"x119.9  134.25  1280 1304 1320 1360  800 801 804 823 doublescan +hsync -vsync (98.7 kHz d)
[    88.623] (II) modeset(0): Modeline "1280x800"x59.8   83.50  1280 1352 1480 1680  800 803 809 831 -hsync +vsync (49.7 kHz d)
[    88.623] (II) modeset(0): Modeline "1280x800"x59.9   71.00  1280 1328 1360 1440  800 803 809 823 +hsync -vsync (49.3 kHz d)
[    88.623] (II) modeset(0): Modeline "1280x720"x120.0  156.12  1280 1376 1512 1744  720 721 724 746 doublescan -hsync +vsync (89.5 kHz d)
[    88.623] (II) modeset(0): Modeline "1280x720"x120.0  120.75  1280 1304 1320 1360  720 721 724 740 doublescan +hsync -vsync (88.8 kHz d)
[    88.623] (II) modeset(0): Modeline "1280x720"x59.9   74.50  1280 1344 1472 1664  720 723 728 748 -hsync +vsync (44.8 kHz d)
[    88.623] (II) modeset(0): Modeline "1280x720"x59.7   63.75  1280 1328 1360 1440  720 723 728 741 +hsync -vsync (44.3 kHz d)
[    88.623] (II) modeset(0): Modeline "1024x768"x120.1  133.47  1024 1100 1212 1400  768 768 770 794 doublescan -hsync +vsync (95.3 kHz d)
[    88.623] (II) modeset(0): Modeline "1024x768"x60.0   65.00  1024 1048 1184 1344  768 771 777 806 -hsync -vsync (48.4 kHz d)
[    88.623] (II) modeset(0): Modeline "960x720"x120.0  117.00  960 1024 1128 1300  720 720 722 750 doublescan -hsync +vsync (90.0 kHz d)
[    88.623] (II) modeset(0): Modeline "928x696"x120.1  109.15  928 976 1088 1264  696 696 698 719 doublescan -hsync +vsync (86.4 kHz d)
[    88.623] (II) modeset(0): Modeline "896x672"x120.0  102.40  896 960 1060 1224  672 672 674 697 doublescan -hsync +vsync (83.7 kHz d)
[    88.623] (II) modeset(0): Modeline "1024x576"x119.9   98.50  1024 1092 1200 1376  576 577 580 597 doublescan -hsync +vsync (71.6 kHz d)
[    88.623] (II) modeset(0): Modeline "1024x576"x119.9   78.38  1024 1048 1064 1104  576 577 580 592 doublescan +hsync -vsync (71.0 kHz d)
[    88.623] (II) modeset(0): Modeline "1024x576"x59.9   46.50  1024 1064 1160 1296  576 579 584 599 -hsync +vsync (35.9 kHz d)
[    88.623] (II) modeset(0): Modeline "1024x576"x59.8   42.00  1024 1072 1104 1184  576 579 584 593 +hsync -vsync (35.5 kHz d)
[    88.623] (II) modeset(0): Modeline "960x600"x119.9   96.62  960 1028 1128 1296  600 601 604 622 doublescan -hsync +vsync (74.6 kHz d)
[    88.623] (II) modeset(0): Modeline "960x600"x120.0   77.00  960 984 1000 1040  600 601 604 617 doublescan +hsync -vsync (74.0 kHz d)
[    88.623] (II) modeset(0): Modeline "960x540"x119.9   86.50  960 1024 1124 1288  540 541 544 560 doublescan -hsync +vsync (67.2 kHz d)
[    88.623] (II) modeset(0): Modeline "960x540"x120.0   69.25  960 984 1000 1040  540 541 544 555 doublescan +hsync -vsync (66.6 kHz d)
[    88.623] (II) modeset(0): Modeline "960x540"x59.6   40.75  960 992 1088 1216  540 543 548 562 -hsync +vsync (33.5 kHz d)
[    88.623] (II) modeset(0): Modeline "960x540"x59.8   37.25  960 1008 1040 1120  540 543 548 556 +hsync -vsync (33.3 kHz d)
[    88.623] (II) modeset(0): Modeline "800x600"x120.0   81.00  800 832 928 1080  600 600 602 625 doublescan +hsync +vsync (75.0 kHz d)
[    88.623] (II) modeset(0): Modeline "800x600"x60.3   40.00  800 840 968 1056  600 601 605 628 +hsync +vsync (37.9 kHz d)
[    88.623] (II) modeset(0): Modeline "800x600"x56.2   36.00  800 824 896 1024  600 601 603 625 +hsync +vsync (35.2 kHz d)
[    88.623] (II) modeset(0): Modeline "840x525"x120.0   73.12  840 892 980 1120  525 526 529 544 doublescan -hsync +vsync (65.3 kHz d)
[    88.623] (II) modeset(0): Modeline "840x525"x119.8   59.50  840 864 880 920  525 526 529 540 doublescan +hsync -vsync (64.7 kHz d)
[    88.623] (II) modeset(0): Modeline "864x486"x59.9   32.50  864 888 968 1072  486 489 494 506 -hsync +vsync (30.3 kHz d)
[    88.623] (II) modeset(0): Modeline "864x486"x59.6   30.50  864 912 944 1024  486 489 494 500 +hsync -vsync (29.8 kHz d)
[    88.623] (II) modeset(0): Modeline "700x525"x120.0   61.00  700 744 820 940  525 526 532 541 doublescan +hsync +vsync (64.9 kHz d)
[    88.623] (II) modeset(0): Modeline "800x450"x119.9   59.12  800 848 928 1056  450 451 454 467 doublescan -hsync +vsync (56.0 kHz d)
[    88.623] (II) modeset(0): Modeline "800x450"x119.6   48.75  800 824 840 880  450 451 454 463 doublescan +hsync -vsync (55.4 kHz d)
[    88.623] (II) modeset(0): Modeline "640x512"x120.0   54.00  640 664 720 844  512 512 514 533 doublescan +hsync +vsync (64.0 kHz d)
[    88.623] (II) modeset(0): Modeline "700x450"x119.9   51.75  700 740 812 924  450 451 456 467 doublescan -hsync +vsync (56.0 kHz d)
[    88.623] (II) modeset(0): Modeline "700x450"x119.8   43.25  700 724 740 780  450 451 456 463 doublescan +hsync -vsync (55.4 kHz d)
[    88.623] (II) modeset(0): Modeline "640x480"x120.0   54.00  640 688 744 900  480 480 482 500 doublescan +hsync +vsync (60.0 kHz d)
[    88.623] (II) modeset(0): Modeline "640x480"x59.9   25.18  640 656 752 800  480 490 492 525 -hsync -vsync (31.5 kHz d)
[    88.623] (II) modeset(0): Modeline "720x405"x59.5   22.50  720 744 808 896  405 408 413 422 -hsync +vsync (25.1 kHz d)
[    88.623] (II) modeset(0): Modeline "720x405"x59.0   21.75  720 768 800 880  405 408 413 419 +hsync -vsync (24.7 kHz d)
[    88.623] (II) modeset(0): Modeline "684x384"x119.8   42.62  684 720 788 892  384 385 390 399 doublescan -hsync +vsync (47.8 kHz d)
[    88.623] (II) modeset(0): Modeline "684x384"x119.7   36.12  684 708 724 764  384 385 390 395 doublescan +hsync -vsync (47.3 kHz d)
[    88.623] (II) modeset(0): Modeline "640x400"x119.8   41.75  640 676 740 840  400 401 404 415 doublescan -hsync +vsync (49.7 kHz d)
[    88.623] (II) modeset(0): Modeline "640x400"x120.0   35.50  640 664 680 720  400 401 404 411 doublescan +hsync -vsync (49.3 kHz d)
[    88.623] (II) modeset(0): Modeline "640x360"x119.7   37.25  640 672 736 832  360 361 364 374 doublescan -hsync +vsync (44.8 kHz d)
[    88.623] (II) modeset(0): Modeline "640x360"x119.7   31.88  640 664 680 720  360 361 364 370 doublescan +hsync -vsync (44.3 kHz d)
[    88.623] (II) modeset(0): Modeline "640x360"x59.8   18.00  640 664 720 800  360 363 368 376 -hsync +vsync (22.5 kHz d)
[    88.623] (II) modeset(0): Modeline "640x360"x59.3   17.75  640 688 720 800  360 363 368 374 +hsync -vsync (22.2 kHz d)
[    88.623] (II) modeset(0): Modeline "512x384"x120.0   32.50  512 524 592 672  384 385 388 403 doublescan -hsync -vsync (48.4 kHz d)
[    88.623] (II) modeset(0): Modeline "512x288"x120.0   23.25  512 532 580 648  288 289 292 299 doublescan -hsync +vsync (35.9 kHz d)
[    88.623] (II) modeset(0): Modeline "512x288"x119.8   21.00  512 536 552 592  288 289 292 296 doublescan +hsync -vsync (35.5 kHz d)
[    88.623] (II) modeset(0): Modeline "480x270"x119.3   20.38  480 496 544 608  270 271 274 281 doublescan -hsync +vsync (33.5 kHz d)
[    88.623] (II) modeset(0): Modeline "480x270"x119.6   18.62  480 504 520 560  270 271 274 278 doublescan +hsync -vsync (33.3 kHz d)
[    88.623] (II) modeset(0): Modeline "400x300"x120.6   20.00  400 420 484 528  300 300 302 314 doublescan +hsync +vsync (37.9 kHz d)
[    88.623] (II) modeset(0): Modeline "400x300"x112.7   18.00  400 412 448 512  300 300 301 312 doublescan +hsync +vsync (35.2 kHz d)
[    88.623] (II) modeset(0): Modeline "432x243"x119.8   16.25  432 444 484 536  243 244 247 253 doublescan -hsync +vsync (30.3 kHz d)
[    88.623] (II) modeset(0): Modeline "432x243"x119.1   15.25  432 456 472 512  243 244 247 250 doublescan +hsync -vsync (29.8 kHz d)
[    88.623] (II) modeset(0): Modeline "320x240"x120.1   12.59  320 328 376 400  240 245 246 262 doublescan -hsync -vsync (31.5 kHz d)
[    88.623] (II) modeset(0): Modeline "360x202"x119.0   11.25  360 372 404 448  202 204 206 211 doublescan -hsync +vsync (25.1 kHz d)
[    88.623] (II) modeset(0): Modeline "360x202"x118.3   10.88  360 384 400 440  202 204 206 209 doublescan +hsync -vsync (24.7 kHz d)
[    88.623] (II) modeset(0): Modeline "320x180"x119.7    9.00  320 332 360 400  180 181 184 188 doublescan -hsync +vsync (22.5 kHz d)
[    88.623] (II) modeset(0): Modeline "320x180"x118.6    8.88  320 344 360 400  180 181 184 187 doublescan +hsync -vsync (22.2 kHz d)
[    88.627] (II) modeset(0): EDID for output DP-1
[    88.701] (II) modeset(0): EDID for output HDMI-1
[    88.705] (II) modeset(0): EDID for output DP-2
[    88.709] (II) modeset(0): EDID for output HDMI-2
[    88.709] (II) modeset(0): Output eDP-1 connected
[    88.709] (II) modeset(0): Output DP-1 disconnected
[    88.709] (II) modeset(0): Output HDMI-1 disconnected
[    88.709] (II) modeset(0): Output DP-2 disconnected
[    88.709] (II) modeset(0): Output HDMI-2 disconnected
[    88.709] (II) modeset(0): Using exact sizes for initial modes
[    88.709] (II) modeset(0): Output eDP-1 using initial mode 1920x1080 +0+0
[    88.709] (==) modeset(0): Using gamma correction (1.0, 1.0, 1.0)
[    88.709] (==) modeset(0): DPI set to (96, 96)
[    88.709] (II) Loading sub module "fb"
[    88.709] (II) LoadModule: "fb"
[    88.709] (II) Module "fb" already built-in
[    88.774] (==) modeset(0): Backing store enabled
[    88.774] (==) modeset(0): Silken mouse enabled
[    88.847] (II) modeset(0): Initializing kms color map for depth 24, 8 bpc.
[    88.847] (==) modeset(0): DPMS enabled
[    88.847] (II) modeset(0): [DRI2] Setup complete
[    88.847] (II) modeset(0): [DRI2]   DRI driver: iris
[    88.847] (II) modeset(0): [DRI2]   VDPAU driver: va_gl
[    88.847] (II) Initializing extension Generic Event Extension
[    88.848] (II) Initializing extension SHAPE
[    88.848] (II) Initializing extension MIT-SHM
[    88.848] (II) Initializing extension XInputExtension
[    88.848] (II) Initializing extension XTEST
[    88.849] (II) Initializing extension BIG-REQUESTS
[    88.849] (II) Initializing extension SYNC
[    88.849] (II) Initializing extension XKEYBOARD
[    88.850] (II) Initializing extension XC-MISC
[    88.850] (II) Initializing extension SECURITY
[    88.851] (II) Initializing extension XFIXES
[    88.851] (II) Initializing extension RENDER
[    88.851] (II) Initializing extension RANDR
[    88.852] (II) Initializing extension COMPOSITE
[    88.852] (II) Initializing extension DAMAGE
[    88.852] (II) Initializing extension MIT-SCREEN-SAVER
[    88.852] (II) Initializing extension DOUBLE-BUFFER
[    88.853] (II) Initializing extension RECORD
[    88.853] (II) Initializing extension DPMS
[    88.853] (II) Initializing extension Present
[    88.853] (II) Initializing extension DRI3
[    88.853] (II) Initializing extension X-Resource
[    88.854] (II) Initializing extension XVideo
[    88.854] (II) Initializing extension XVideo-MotionCompensation
[    88.854] (II) Initializing extension GLX
[    88.878] (II) AIGLX: Loaded and initialized iris
[    88.878] (II) GLX: Initialized DRI2 GL provider for screen 0
[    88.878] (II) Initializing extension XFree86-VidModeExtension
[    88.879] (II) Initializing extension XFree86-DGA
[    88.879] (II) Initializing extension XFree86-DRI
[    88.879] (II) Initializing extension DRI2
[    88.881] (II) modeset(0): Damage tracking initialized
[    88.881] (II) modeset(0): Setting screen physical size to 508 x 285
[    88.965] (II) config/udev: Adding input device Power Button (/dev/input/event2)
[    88.965] (**) Power Button: Applying InputClass "libinput keyboard catchall"
[    88.965] (**) Power Button: Applying InputClass "system-keyboard"
[    88.965] (II) LoadModule: "libinput"
[    88.965] (II) Loading /usr/lib/xorg/modules/input/libinput_drv.so
[    88.971] (II) Module libinput: vendor="X.Org Foundation"
[    88.971] 	compiled for 1.21.1.13, module version = 1.5.0
[    88.971] 	Module class: X.Org XInput Driver
[    88.971] 	ABI class: X.Org XInput driver, version 24.4
[    88.971] (II) Using input driver 'libinput' for 'Power Button'
[    88.972] (II) systemd-logind: got fd for /dev/input/event2 13:66 fd 25 paused 0
[    88.972] (**) Power Button: always reports core events
[    88.972] (**) Option "Device" "/dev/input/event2"
[    88.980] (II) event2  - Power Button: is tagged by udev as: Keyboard
[    88.980] (II) event2  - Power Button: device is a keyboard
[    88.980] (II) event2  - Power Button: device removed
[    88.980] (**) Option "config_info" "udev:/sys/devices/LNXSYSTM:00/LNXPWRBN:00/input/input2/event2"
[    88.980] (II) XINPUT: Adding extended input device "Power Button" (type: KEYBOARD, id 6)
[    88.980] (**) Option "xkb_model" "pc105+inet"
[    88.980] (**) Option "xkb_layout" "us"
[    88.980] (**) Option "xkb_options" "terminate:ctrl_alt_bksp"
[    88.995] (II) event2  - Power Button: is tagged by udev as: Keyboard
[    88.995] (II) event2  - Power Button: device is a keyboard
[    88.996] (II) config/udev: Adding input device Video Bus (/dev/input/event5)
[    88.996] (**) Video Bus: Applying InputClass "libinput keyboard catchall"
[    88.996] (**) Video Bus: Applying InputClass "system-keyboard"
[    88.996] (II) Using input driver 'libinput' for 'Video Bus'
[    88.997] (II) systemd-logind: got fd for /dev/input/event5 13:69 fd 28 paused 0
[    88.997] (**) Video Bus: always reports core events
[    88.997] (**) Option "Device" "/dev/input/event5"
[    88.998] (II) event5  - Video Bus: is tagged by udev as: Keyboard
[    88.998] (II) event5  - Video Bus: device is a keyboard
[    88.998] (II) event5  - Video Bus: device removed
[    88.998] (**) Option "config_info" "udev:/sys/devices/LNXSYSTM:00/LNXSYBUS:00/PNP0A08:00/LNXVIDEO:00/input/input6/event5"
[    88.998] (II) XINPUT: Adding extended input device "Video Bus" (type: KEYBOARD, id 7)
[    88.998] (**) Option "xkb_model" "pc105+inet"
[    88.998] (**) Option "xkb_layout" "us"
[    88.998] (**) Option "xkb_options" "terminate:ctrl_alt_bksp"
[    88.999] (II) event5  - Video Bus: is tagged by udev as: Keyboard
[    88.999] (II) event5  - Video Bus: device is a keyboard
[    89.000] (II) config/udev: Adding input device Lid Switch (/dev/input/event1)
[    89.000] (II) No input driver specified, ignoring this device.
[    89.000] (II) This device may have been added with another device file.
[    89.000] (II) config/udev: Adding input device Sleep Button (/dev/input/event0)
[    89.000] (**) Sleep Button: Applying InputClass "libinput keyboard catchall"
[    89.000] (**) Sleep Button: Applying InputClass "system-keyboard"
[    89.000] (II) Using input driver 'libinput' for 'Sleep Button'
[    89.001] (II) systemd-logind: got fd for /dev/input/event0 13:64 fd 29 paused 0
[    89.001] (**) Sleep Button: always reports core events
[    89.001] (**) Option "Device" "/dev/input/event0"
[    89.002] (II) event0  - Sleep Button: is tagged by udev as: Keyboard
[    89.002] (II) event0  - Sleep Button: device is a keyboard
[    89.002] (II) event0  - Sleep Button: device removed
[    89.002] (**) Option "config_info" "udev:/sys/devices/LNXSYSTM:00/LNXSYBUS:00/PNP0C0E:00/input/input0/event0"
[    89.002] (II) XINPUT: Adding extended input device "Sleep Button" (type: KEYBOARD, id 8)
[    89.002] (**) Option "xkb_model" "pc105+inet"
[    89.002] (**) Option "xkb_layout" "us"
[    89.002] (**) Option "xkb_options" "terminate:ctrl_alt_bksp"
[    89.003] (II) event0  - Sleep Button: is tagged by udev as: Keyboard
[    89.003] (II) event0  - Sleep Button: device is a keyboard
[    89.004] (II) config/udev: Adding input device Raydium Corporation Raydium Touch System (/dev/input/event6)
[    89.004] (**) Raydium Corporation Raydium Touch System: Applying InputClass "libinput touchscreen catchall"
[    89.004] (II) Using input driver 'libinput' for 'Raydium Corporation Raydium Touch System'
[    89.056] (II) systemd-logind: got fd for /dev/input/event6 13:70 fd 30 paused 0
[    89.056] (**) Raydium Corporation Raydium Touch System: always reports core events
[    89.056] (**) Option "Device" "/dev/input/event6"
[    89.059] (II) event6  - Raydium Corporation Raydium Touch System: is tagged by udev as: Touchscreen
[    89.059] (II) event6  - Raydium Corporation Raydium Touch System: device is a touch device
[    89.059] (II) event6  - Raydium Corporation Raydium Touch System: device removed
[    89.059] (**) Option "config_info" "udev:/sys/devices/pci0000:00/0000:00:14.0/usb1/1-10/1-10:1.0/0003:2386:432E.0001/input/input10/event6"
[    89.059] (II) XINPUT: Adding extended input device "Raydium Corporation Raydium Touch System" (type: TOUCHSCREEN, id 9)
[    89.059] (**) Option "AccelerationScheme" "none"
[    89.059] (**) Raydium Corporation Raydium Touch System: (accel) selected scheme none/0
[    89.060] (**) Raydium Corporation Raydium Touch System: (accel) acceleration factor: 2.000
[    89.060] (**) Raydium Corporation Raydium Touch System: (accel) acceleration threshold: 4
[    89.062] (II) event6  - Raydium Corporation Raydium Touch System: is tagged by udev as: Touchscreen
[    89.062] (II) event6  - Raydium Corporation Raydium Touch System: device is a touch device
[    89.065] (II) config/udev: Adding input device Raydium Corporation Raydium Touch System (/dev/input/mouse0)
[    89.065] (II) No input driver specified, ignoring this device.
[    89.065] (II) This device may have been added with another device file.
[    89.066] (II) config/udev: Adding input device HDA Intel PCH Mic (/dev/input/event10)
[    89.066] (II) No input driver specified, ignoring this device.
[    89.066] (II) This device may have been added with another device file.
[    89.067] (II) config/udev: Adding input device HDA Intel PCH Headphone (/dev/input/event11)
[    89.067] (II) No input driver specified, ignoring this device.
[    89.067] (II) This device may have been added with another device file.
[    89.069] (II) config/udev: Adding input device HDA Intel PCH HDMI/DP,pcm=3 (/dev/input/event12)
[    89.069] (II) No input driver specified, ignoring this device.
[    89.069] (II) This device may have been added with another device file.
[    89.070] (II) config/udev: Adding input device HDA Intel PCH HDMI/DP,pcm=7 (/dev/input/event13)
[    89.070] (II) No input driver specified, ignoring this device.
[    89.070] (II) This device may have been added with another device file.
[    89.071] (II) config/udev: Adding input device HDA Intel PCH HDMI/DP,pcm=8 (/dev/input/event14)
[    89.071] (II) No input driver specified, ignoring this device.
[    89.071] (II) This device may have been added with another device file.
[    89.072] (II) config/udev: Adding input device Elan Touchpad (/dev/input/event8)
[    89.073] (**) Elan Touchpad: Applying InputClass "libinput touchpad catchall"
[    89.073] (II) Using input driver 'libinput' for 'Elan Touchpad'
[    89.074] (II) systemd-logind: got fd for /dev/input/event8 13:72 fd 31 paused 0
[    89.074] (**) Elan Touchpad: always reports core events
[    89.074] (**) Option "Device" "/dev/input/event8"
[    89.076] (II) event8  - Elan Touchpad: is tagged by udev as: Touchpad
[    89.080] (II) event8  - Elan Touchpad: device is a touchpad
[    89.080] (II) event8  - Elan Touchpad: device removed
[    89.080] (II) libinput: Elan Touchpad: Step value 0 was provided, libinput Fallback acceleration function is used.
[    89.080] (II) libinput: Elan Touchpad: Step value 0 was provided, libinput Fallback acceleration function is used.
[    89.080] (II) libinput: Elan Touchpad: Step value 0 was provided, libinput Fallback acceleration function is used.
[    89.080] (**) Option "config_info" "udev:/sys/devices/pci0000:00/0000:00:1f.4/i2c-7/7-0015/input/input13/event8"
[    89.080] (II) XINPUT: Adding extended input device "Elan Touchpad" (type: TOUCHPAD, id 10)
[    89.083] (**) Option "AccelerationScheme" "none"
[    89.083] (**) Elan Touchpad: (accel) selected scheme none/0
[    89.083] (**) Elan Touchpad: (accel) acceleration factor: 2.000
[    89.083] (**) Elan Touchpad: (accel) acceleration threshold: 4
[    89.086] (II) event8  - Elan Touchpad: is tagged by udev as: Touchpad
[    89.089] (II) event8  - Elan Touchpad: device is a touchpad
[    89.090] (II) config/udev: Adding input device Elan Touchpad (/dev/input/mouse1)
[    89.090] (II) No input driver specified, ignoring this device.
[    89.090] (II) This device may have been added with another device file.
[    89.091] (II) config/udev: Adding input device Elan TrackPoint (/dev/input/event9)
[    89.091] (**) Elan TrackPoint: Applying InputClass "libinput pointer catchall"
[    89.091] (II) Using input driver 'libinput' for 'Elan TrackPoint'
[    89.092] (II) systemd-logind: got fd for /dev/input/event9 13:73 fd 32 paused 0
[    89.092] (**) Elan TrackPoint: always reports core events
[    89.092] (**) Option "Device" "/dev/input/event9"
[    89.094] (II) event9  - Elan TrackPoint: is tagged by udev as: Mouse Pointingstick
[    89.094] (II) event9  - Elan TrackPoint: device is a pointer
[    89.095] (II) event9  - Elan TrackPoint: device removed
[    89.095] (II) libinput: Elan TrackPoint: Step value 0 was provided, libinput Fallback acceleration function is used.
[    89.095] (II) libinput: Elan TrackPoint: Step value 0 was provided, libinput Fallback acceleration function is used.
[    89.095] (II) libinput: Elan TrackPoint: Step value 0 was provided, libinput Fallback acceleration function is used.
[    89.095] (**) Option "config_info" "udev:/sys/devices/pci0000:00/0000:00:1f.4/i2c-7/7-0015/input/input14/event9"
[    89.095] (II) XINPUT: Adding extended input device "Elan TrackPoint" (type: MOUSE, id 11)
[    89.095] (**) Option "AccelerationScheme" "none"
[    89.095] (**) Elan TrackPoint: (accel) selected scheme none/0
[    89.095] (**) Elan TrackPoint: (accel) acceleration factor: 2.000
[    89.095] (**) Elan TrackPoint: (accel) acceleration threshold: 4
[    89.097] (II) event9  - Elan TrackPoint: is tagged by udev as: Mouse Pointingstick
[    89.097] (II) event9  - Elan TrackPoint: device is a pointer
[    89.098] (II) config/udev: Adding input device Elan TrackPoint (/dev/input/mouse2)
[    89.098] (II) No input driver specified, ignoring this device.
[    89.098] (II) This device may have been added with another device file.
[    89.099] (II) config/udev: Adding input device AT Translated Set 2 keyboard (/dev/input/event3)
[    89.099] (**) AT Translated Set 2 keyboard: Applying InputClass "libinput keyboard catchall"
[    89.099] (**) AT Translated Set 2 keyboard: Applying InputClass "system-keyboard"
[    89.099] (II) Using input driver 'libinput' for 'AT Translated Set 2 keyboard'
[    89.100] (II) systemd-logind: got fd for /dev/input/event3 13:67 fd 33 paused 0
[    89.100] (**) AT Translated Set 2 keyboard: always reports core events
[    89.100] (**) Option "Device" "/dev/input/event3"
[    89.101] (II) event3  - AT Translated Set 2 keyboard: is tagged by udev as: Keyboard
[    89.101] (II) event3  - AT Translated Set 2 keyboard: device is a keyboard
[    89.102] (II) event3  - AT Translated Set 2 keyboard: device removed
[    89.102] (**) Option "config_info" "udev:/sys/devices/platform/i8042/serio0/input/input3/event3"
[    89.102] (II) XINPUT: Adding extended input device "AT Translated Set 2 keyboard" (type: KEYBOARD, id 12)
[    89.102] (**) Option "xkb_model" "pc105+inet"
[    89.102] (**) Option "xkb_layout" "us"
[    89.102] (**) Option "xkb_options" "terminate:ctrl_alt_bksp"
[    89.103] (II) event3  - AT Translated Set 2 keyboard: is tagged by udev as: Keyboard
[    89.103] (II) event3  - AT Translated Set 2 keyboard: device is a keyboard
[    89.104] (II) config/udev: Adding input device PC Speaker (/dev/input/event7)
[    89.104] (II) No input driver specified, ignoring this device.
[    89.104] (II) This device may have been added with another device file.
[    89.109] (II) config/udev: Adding input device ThinkPad Extra Buttons (/dev/input/event4)
[    89.109] (**) ThinkPad Extra Buttons: Applying InputClass "libinput keyboard catchall"
[    89.109] (**) ThinkPad Extra Buttons: Applying InputClass "system-keyboard"
[    89.109] (II) Using input driver 'libinput' for 'ThinkPad Extra Buttons'
[    89.109] (II) systemd-logind: got fd for /dev/input/event4 13:68 fd 34 paused 0
[    89.109] (**) ThinkPad Extra Buttons: always reports core events
[    89.109] (**) Option "Device" "/dev/input/event4"
[    89.110] (II) event4  - ThinkPad Extra Buttons: is tagged by udev as: Keyboard Switch
[    89.110] (II) event4  - ThinkPad Extra Buttons: device is a keyboard
[    89.110] (II) event4  - ThinkPad Extra Buttons: device removed
[    89.110] (**) Option "config_info" "udev:/sys/devices/platform/thinkpad_acpi/input/input5/event4"
[    89.110] (II) XINPUT: Adding extended input device "ThinkPad Extra Buttons" (type: KEYBOARD, id 13)
[    89.110] (**) Option "xkb_model" "pc105+inet"
[    89.110] (**) Option "xkb_layout" "us"
[    89.110] (**) Option "xkb_options" "terminate:ctrl_alt_bksp"
[    89.111] (II) event4  - ThinkPad Extra Buttons: is tagged by udev as: Keyboard Switch
[    89.111] (II) event4  - ThinkPad Extra Buttons: device is a keyboard
[   149.761] (EE) event8  - Elan Touchpad: kernel bug: Touch jump detected and discarded.
See https://wayland.freedesktop.org/libinput/doc/1.31.0/touchpad-jumping-cursors.html for details
